<?xml version="1.0" encoding="UTF-8"?>
<!-- Generated by org.testng.reporters.JUnitReportReporter -->
<testsuite skipped="0" hostname="DESKTOP-TAHIGOL" name="gyak.mavengyakorlas.mavenTest" tests="1" failures="0" timestamp="23 jan. 2019 14:28:23 GMT" time="3.213" errors="0">
  <testcase name="mavenTest" time="3.213" classname="gyak.mavengyakorlas.mavenTest"/>
</testsuite> <!-- gyak.mavengyakorlas.mavenTest -->
